# JRE version: OpenJDK Runtime Environment (17.0.10) (build 17.0.10+0--11609105)
# Java VM: OpenJDK 64-Bit Server VM (17.0.10+0--11609105, mixed mode, tiered, compressed oops, compressed class ptrs, g1 gc, windows-amd64)
GC Precious Log:
 CPUs: 12 total, 12 available
 Memory: 7967M
 Large Page Support: Disabled
 NUMA Support: Disabled
 Compressed Oops: Enabled (32-bit)
 Heap Region Size: 1M
 Heap Min Capacity: 8M
 Heap Initial Capacity: 126M
 Heap Max Capacity: 2G
 Pre-touch: Disabled
 Parallel Workers: 10
 Concurrent Workers: 3
 Concurrent Refinement Workers: 10
 Periodic GC: Disabled
Heap:
 garbage-first heap   total 311296K, used 167204K [0x0000000080000000, 0x0000000100000000)
  region size 1024K, 2 young (2048K), 2 survivors (2048K)
 Metaspace       used 139853K, committed 141056K, reserved 1179648K
  class space    used 19432K, committed 20032K, reserved 1048576K
GC Heap History (20 events):
Event: 53.546 GC heap after
{Heap after GC invocations=41 (full 0):
 garbage-first heap   total 265216K, used 135573K [0x0000000080000000, 0x0000000100000000)
  region size 1024K, 6 young (6144K), 6 survivors (6144K)
 Metaspace       used 119382K, committed 120256K, reserved 1179648K
  class space    used 16148K, committed 16576K, reserved 1048576K
}
Event: 54.170 GC heap before
{Heap before GC invocations=42 (full 0):
 garbage-first heap   total 265216K, used 216469K [0x0000000080000000, 0x0000000100000000)
  region size 1024K, 86 young (88064K), 6 survivors (6144K)
 Metaspace       used 122806K, committed 123776K, reserved 1179648K
  class space    used 16693K, committed 17152K, reserved 1048576K
}
Event: 54.187 GC heap after
{Heap after GC invocations=43 (full 0):
 garbage-first heap   total 265216K, used 146136K [0x0000000080000000, 0x0000000100000000)
  region size 1024K, 11 young (11264K), 11 survivors (11264K)
 Metaspace       used 122806K, committed 123776K, reserved 1179648K
  class space    used 16693K, committed 17152K, reserved 1048576K
}
Event: 54.194 GC heap before
{Heap before GC invocations=43 (full 0):
 garbage-first heap   total 265216K, used 146136K [0x0000000080000000, 0x0000000100000000)
  region size 1024K, 12 young (12288K), 11 survivors (11264K)
 Metaspace       used 122908K, committed 123840K, reserved 1179648K
  class space    used 16705K, committed 17152K, reserved 1048576K
}
Event: 54.205 GC heap after
{Heap after GC invocations=44 (full 0):
 garbage-first heap   total 265216K, used 145959K [0x0000000080000000, 0x0000000100000000)
  region size 1024K, 2 young (2048K), 2 survivors (2048K)
 Metaspace       used 122908K, committed 123840K, reserved 1179648K
  class space    used 16705K, committed 17152K, reserved 1048576K
}
Event: 54.887 GC heap before
{Heap before GC invocations=44 (full 0):
 garbage-first heap   total 265216K, used 215591K [0x0000000080000000, 0x0000000100000000)
  region size 1024K, 71 young (72704K), 2 survivors (2048K)
 Metaspace       used 131999K, committed 132992K, reserved 1179648K
  class space    used 18297K, committed 18816K, reserved 1048576K
}
Event: 54.893 GC heap after
{Heap after GC invocations=45 (full 0):
 garbage-first heap   total 265216K, used 146200K [0x0000000080000000, 0x0000000100000000)
  region size 1024K, 2 young (2048K), 2 survivors (2048K)
 Metaspace       used 131999K, committed 132992K, reserved 1179648K
  class space    used 18297K, committed 18816K, reserved 1048576K
}
Event: 66.932 GC heap before
{Heap before GC invocations=46 (full 0):
 garbage-first heap   total 265216K, used 218904K [0x0000000080000000, 0x0000000100000000)
  region size 1024K, 74 young (75776K), 2 survivors (2048K)
 Metaspace       used 134492K, committed 135616K, reserved 1179648K
  class space    used 18790K, committed 19328K, reserved 1048576K
}
Event: 66.942 GC heap after
{Heap after GC invocations=47 (full 0):
 garbage-first heap   total 265216K, used 151954K [0x0000000080000000, 0x0000000100000000)
  region size 1024K, 8 young (8192K), 8 survivors (8192K)
 Metaspace       used 134492K, committed 135616K, reserved 1179648K
  class space    used 18790K, committed 19328K, reserved 1048576K
}
Event: 66.995 GC heap before
{Heap before GC invocations=47 (full 0):
 garbage-first heap   total 265216K, used 156050K [0x0000000080000000, 0x0000000100000000)
  region size 1024K, 12 young (12288K), 8 survivors (8192K)
 Metaspace       used 134529K, committed 135616K, reserved 1179648K
  class space    used 18790K, committed 19328K, reserved 1048576K
}
Event: 67.119 GC heap after
{Heap after GC invocations=48 (full 0):
 garbage-first heap   total 265216K, used 144236K [0x0000000080000000, 0x0000000100000000)
  region size 1024K, 2 young (2048K), 2 survivors (2048K)
 Metaspace       used 134529K, committed 135616K, reserved 1179648K
  class space    used 18790K, committed 19328K, reserved 1048576K
}
Event: 82.120 GC heap before
{Heap before GC invocations=48 (full 0):
 garbage-first heap   total 265216K, used 217964K [0x0000000080000000, 0x0000000100000000)
  region size 1024K, 75 young (76800K), 2 survivors (2048K)
 Metaspace       used 134833K, committed 136000K, reserved 1179648K
  class space    used 18809K, committed 19392K, reserved 1048576K
}
Event: 82.130 GC heap after
{Heap after GC invocations=49 (full 0):
 garbage-first heap   total 265216K, used 148106K [0x0000000080000000, 0x0000000100000000)
  region size 1024K, 6 young (6144K), 6 survivors (6144K)
 Metaspace       used 134833K, committed 136000K, reserved 1179648K
  class space    used 18809K, committed 19392K, reserved 1048576K
}
Event: 82.962 GC heap before
{Heap before GC invocations=49 (full 0):
 garbage-first heap   total 265216K, used 219786K [0x0000000080000000, 0x0000000100000000)
  region size 1024K, 76 young (77824K), 6 survivors (6144K)
 Metaspace       used 135190K, committed 136448K, reserved 1179648K
  class space    used 18835K, committed 19456K, reserved 1048576K
}
Event: 82.984 GC heap after
{Heap after GC invocations=50 (full 0):
 garbage-first heap   total 265216K, used 157719K [0x0000000080000000, 0x0000000100000000)
  region size 1024K, 10 young (10240K), 10 survivors (10240K)
 Metaspace       used 135190K, committed 136448K, reserved 1179648K
  class space    used 18835K, committed 19456K, reserved 1048576K
}
Event: 259.735 GC heap before
{Heap before GC invocations=50 (full 0):
 garbage-first heap   total 265216K, used 222231K [0x0000000080000000, 0x0000000100000000)
  region size 1024K, 60 young (61440K), 10 survivors (10240K)
 Metaspace       used 136650K, committed 137856K, reserved 1179648K
  class space    used 19084K, committed 19712K, reserved 1048576K
}
Event: 259.816 GC heap after
{Heap after GC invocations=51 (full 0):
 garbage-first heap   total 265216K, used 178046K [0x0000000080000000, 0x0000000100000000)
  region size 1024K, 7 young (7168K), 7 survivors (7168K)
 Metaspace       used 136650K, committed 137856K, reserved 1179648K
  class space    used 19084K, committed 19712K, reserved 1048576K
}
Event: 261.506 GC heap before
{Heap before GC invocations=52 (full 0):
 garbage-first heap   total 311296K, used 229246K [0x0000000080000000, 0x0000000100000000)
  region size 1024K, 47 young (48128K), 7 survivors (7168K)
 Metaspace       used 139461K, committed 140672K, reserved 1179648K
  class space    used 19365K, committed 19968K, reserved 1048576K
}
Event: 261.524 GC heap after
{Heap after GC invocations=53 (full 0):
 garbage-first heap   total 311296K, used 190794K [0x0000000080000000, 0x0000000100000000)
  region size 1024K, 6 young (6144K), 6 survivors (6144K)
 Metaspace       used 139461K, committed 140672K, reserved 1179648K
  class space    used 19365K, committed 19968K, reserved 1048576K
}
Event: 263.155 GC heap before
{Heap before GC invocations=53 (full 0):
 garbage-first heap   total 311296K, used 198986K [0x0000000080000000, 0x0000000100000000)
  region size 1024K, 15 young (15360K), 6 survivors (6144K)
 Metaspace       used 139853K, committed 141056K, reserved 1179648K
  class space    used 19432K, committed 20032K, reserved 1048576K
}

