# JRE version: OpenJDK Runtime Environment (17.0.10) (build 17.0.10+0--11609105)
# Java VM: OpenJDK 64-Bit Server VM (17.0.10+0--11609105, mixed mode, tiered, compressed oops, compressed class ptrs, g1 gc, windows-amd64)
GC Precious Log:
 CPUs: 12 total, 12 available
 Memory: 7967M
 Large Page Support: Disabled
 NUMA Support: Disabled
 Compressed Oops: Enabled (32-bit)
 Heap Region Size: 1M
 Heap Min Capacity: 8M
 Heap Initial Capacity: 126M
 Heap Max Capacity: 2G
 Pre-touch: Disabled
 Parallel Workers: 10
 Concurrent Workers: 3
 Concurrent Refinement Workers: 10
 Periodic GC: Disabled
Heap:
 garbage-first heap   total 448512K, used 181574K [0x0000000080000000, 0x0000000100000000)
  region size 1024K, 4 young (4096K), 4 survivors (4096K)
 Metaspace       used 169233K, committed 170816K, reserved 1245184K
  class space    used 23239K, committed 24128K, reserved 1048576K
GC Heap History (20 events):
Event: 1826.673 GC heap after
{Heap after GC invocations=53 (full 0):
 garbage-first heap   total 448512K, used 166423K [0x0000000080000000, 0x0000000100000000)
  region size 1024K, 7 young (7168K), 7 survivors (7168K)
 Metaspace       used 175180K, committed 176384K, reserved 1245184K
  class space    used 24230K, committed 24832K, reserved 1048576K
}
Event: 1833.290 GC heap before
{Heap before GC invocations=53 (full 0):
 garbage-first heap   total 448512K, used 362007K [0x0000000080000000, 0x0000000100000000)
  region size 1024K, 190 young (194560K), 7 survivors (7168K)
 Metaspace       used 176952K, committed 178176K, reserved 1245184K
  class space    used 24314K, committed 24896K, reserved 1048576K
}
Event: 1833.380 GC heap after
{Heap after GC invocations=54 (full 0):
 garbage-first heap   total 448512K, used 189070K [0x0000000080000000, 0x0000000100000000)
  region size 1024K, 26 young (26624K), 26 survivors (26624K)
 Metaspace       used 176952K, committed 178176K, reserved 1245184K
  class space    used 24314K, committed 24896K, reserved 1048576K
}
Event: 1835.732 GC heap before
{Heap before GC invocations=55 (full 0):
 garbage-first heap   total 448512K, used 362126K [0x0000000080000000, 0x0000000100000000)
  region size 1024K, 196 young (200704K), 26 survivors (26624K)
 Metaspace       used 178293K, committed 179648K, reserved 1245184K
  class space    used 24428K, committed 25088K, reserved 1048576K
}
Event: 1835.789 GC heap after
{Heap after GC invocations=56 (full 0):
 garbage-first heap   total 448512K, used 190706K [0x0000000080000000, 0x0000000100000000)
  region size 1024K, 9 young (9216K), 9 survivors (9216K)
 Metaspace       used 178293K, committed 179648K, reserved 1245184K
  class space    used 24428K, committed 25088K, reserved 1048576K
}
Event: 1835.895 GC heap before
{Heap before GC invocations=56 (full 0):
 garbage-first heap   total 448512K, used 201970K [0x0000000080000000, 0x0000000100000000)
  region size 1024K, 21 young (21504K), 9 survivors (9216K)
 Metaspace       used 178323K, committed 179648K, reserved 1245184K
  class space    used 24428K, committed 25088K, reserved 1048576K
}
Event: 1835.905 GC heap after
{Heap after GC invocations=57 (full 0):
 garbage-first heap   total 448512K, used 184576K [0x0000000080000000, 0x0000000100000000)
  region size 1024K, 2 young (2048K), 2 survivors (2048K)
 Metaspace       used 178323K, committed 179648K, reserved 1245184K
  class space    used 24428K, committed 25088K, reserved 1048576K
}
Event: 1880.319 GC heap before
{Heap before GC invocations=57 (full 0):
 garbage-first heap   total 448512K, used 382208K [0x0000000080000000, 0x0000000100000000)
  region size 1024K, 179 young (183296K), 2 survivors (2048K)
 Metaspace       used 179040K, committed 180288K, reserved 1245184K
  class space    used 24472K, committed 25088K, reserved 1048576K
}
Event: 1880.395 GC heap after
{Heap after GC invocations=58 (full 0):
 garbage-first heap   total 448512K, used 195413K [0x0000000080000000, 0x0000000100000000)
  region size 1024K, 13 young (13312K), 13 survivors (13312K)
 Metaspace       used 179040K, committed 180288K, reserved 1245184K
  class space    used 24472K, committed 25088K, reserved 1048576K
}
Event: 1960.744 GC heap before
{Heap before GC invocations=59 (full 0):
 garbage-first heap   total 448512K, used 381781K [0x0000000080000000, 0x0000000100000000)
  region size 1024K, 179 young (183296K), 13 survivors (13312K)
 Metaspace       used 168300K, committed 170688K, reserved 1245184K
  class space    used 23161K, committed 24128K, reserved 1048576K
}
Event: 1960.827 GC heap after
{Heap after GC invocations=60 (full 0):
 garbage-first heap   total 448512K, used 206840K [0x0000000080000000, 0x0000000100000000)
  region size 1024K, 13 young (13312K), 13 survivors (13312K)
 Metaspace       used 168300K, committed 170688K, reserved 1245184K
  class space    used 23161K, committed 24128K, reserved 1048576K
}
Event: 1960.904 GC heap before
{Heap before GC invocations=60 (full 0):
 garbage-first heap   total 448512K, used 215032K [0x0000000080000000, 0x0000000100000000)
  region size 1024K, 21 young (21504K), 13 survivors (13312K)
 Metaspace       used 168301K, committed 170688K, reserved 1245184K
  class space    used 23161K, committed 24128K, reserved 1048576K
}
Event: 1960.985 GC heap after
{Heap after GC invocations=61 (full 0):
 garbage-first heap   total 448512K, used 181523K [0x0000000080000000, 0x0000000100000000)
  region size 1024K, 3 young (3072K), 3 survivors (3072K)
 Metaspace       used 168301K, committed 170688K, reserved 1245184K
  class space    used 23161K, committed 24128K, reserved 1048576K
}
Event: 1965.976 GC heap before
{Heap before GC invocations=61 (full 0):
 garbage-first heap   total 448512K, used 288019K [0x0000000080000000, 0x0000000100000000)
  region size 1024K, 109 young (111616K), 3 survivors (3072K)
 Metaspace       used 168501K, committed 170688K, reserved 1245184K
  class space    used 23164K, committed 24128K, reserved 1048576K
}
Event: 1965.990 GC heap after
{Heap after GC invocations=62 (full 0):
 garbage-first heap   total 448512K, used 184741K [0x0000000080000000, 0x0000000100000000)
  region size 1024K, 6 young (6144K), 6 survivors (6144K)
 Metaspace       used 168501K, committed 170688K, reserved 1245184K
  class space    used 23164K, committed 24128K, reserved 1048576K
}
Event: 2103.765 GC heap before
{Heap before GC invocations=63 (full 0):
 garbage-first heap   total 448512K, used 369061K [0x0000000080000000, 0x0000000100000000)
  region size 1024K, 176 young (180224K), 6 survivors (6144K)
 Metaspace       used 169219K, committed 170816K, reserved 1245184K
  class space    used 23238K, committed 24128K, reserved 1048576K
}
Event: 2103.860 GC heap after
{Heap after GC invocations=64 (full 0):
 garbage-first heap   total 448512K, used 198595K [0x0000000080000000, 0x0000000100000000)
  region size 1024K, 22 young (22528K), 22 survivors (22528K)
 Metaspace       used 169219K, committed 170816K, reserved 1245184K
  class space    used 23238K, committed 24128K, reserved 1048576K
}
Event: 2103.873 GC heap before
{Heap before GC invocations=64 (full 0):
 garbage-first heap   total 448512K, used 199619K [0x0000000080000000, 0x0000000100000000)
  region size 1024K, 23 young (23552K), 22 survivors (22528K)
 Metaspace       used 169219K, committed 170816K, reserved 1245184K
  class space    used 23238K, committed 24128K, reserved 1048576K
}
Event: 2103.967 GC heap after
{Heap after GC invocations=65 (full 0):
 garbage-first heap   total 448512K, used 181375K [0x0000000080000000, 0x0000000100000000)
  region size 1024K, 3 young (3072K), 3 survivors (3072K)
 Metaspace       used 169219K, committed 170816K, reserved 1245184K
  class space    used 23238K, committed 24128K, reserved 1048576K
}
Event: 2104.210 GC heap before
{Heap before GC invocations=65 (full 0):
 garbage-first heap   total 448512K, used 197759K [0x0000000080000000, 0x0000000100000000)
  region size 1024K, 21 young (21504K), 3 survivors (3072K)
 Metaspace       used 169233K, committed 170816K, reserved 1245184K
  class space    used 23239K, committed 24128K, reserved 1048576K
}

